#
# A fatal error has been detected by the Java Runtime Environment:
#
#  Internal Error (0xc06d007e), pid=15300, tid=0x000000000000568c
#
# JRE version:  (8.0_241-b07) (build )
# Java VM: Java HotSpot(TM) 64-Bit Server VM (25.241-b07 mixed mode windows-amd64 compressed oops)
# Problematic frame:
# C  [KERNELBASE.dll+0x3a839]
#
# Failed to write core dump. Minidumps are not enabled by default on client versions of Windows
#
# If you would like to submit a bug report, please visit:
#   http://bugreport.java.com/bugreport/crash.jsp
# The crash happened outside the Java Virtual Machine in native code.
# See problematic frame for where to report the bug.
#

---------------  T H R E A D  ---------------

Current thread (0x0000000002dc2800):  JavaThread "main" [_thread_in_native, id=22156, stack(0x0000000002b30000,0x0000000002c30000)]

siginfo: ExceptionCode=0xc06d007e, ExceptionInformation=0x0000000002c2eba0 

Registers:
RAX=0x00007ffc1edfd4d3, RBX=0x0000000000000000, RCX=0x00000000009b0000, RDX=0x0000000002c2e579
RSP=0x0000000002c2eaa0, RBP=0x0000000002c2ebf8, RSI=0x00007ffbdd00d8ac, RDI=0x0000000000000000
R8 =0x0000000000000000, R9 =0x0000000000001100, R10=0x00000000009e4450, R11=0x0000000000180001
R12=0x0000000000000001, R13=0x00007ffbdd015780, R14=0x00007ffbdd015510, R15=0x00007ffbdd00d938
RIP=0x00007ffc1beaa839, EFLAGS=0x0000000000000202

Top of Stack: (sp=0x0000000002c2eaa0)
0x0000000002c2eaa0:   00007ffbdd015780 0000000000000000
0x0000000002c2eab0:   00007ffbdd00d8ac 0000000000000000
0x0000000002c2eac0:   00000000c06d007e 0000000000000000
0x0000000002c2ead0:   00007ffc1beaa839 00007ffc00000001
0x0000000002c2eae0:   0000000002c2eba0 00007ffbdd00d8ac
0x0000000002c2eaf0:   0000000000000000 0000000000000000
0x0000000002c2eb00:   0000000000000000 00007ffc1becc6b0
0x0000000002c2eb10:   0000000000000000 00007ffbdd00d8ac
0x0000000002c2eb20:   0000fda7908bd48e 0000000000000000
0x0000000002c2eb30:   0000000000000000 0000000000000000
0x0000000002c2eb40:   00007ffbdd00cb80 00007ffc1becbc6f
0x0000000002c2eb50:   0000000000000000 0000000070ad4e7e
0x0000000002c2eb60:   0000cd8e7e0d2479 0000000070aa5695
0x0000000002c2eb70:   0000000000000000 00007ffbdd0087c7
0x0000000002c2eb80:   0000000000000000 00007ffbdd00d8ac
0x0000000002c2eb90:   0000000000000001 0000000070ad38a8 

Instructions: (pc=0x00007ffc1beaa839)
0x00007ffc1beaa819:   8b d1 44 0f 47 c0 44 89 44 24 38 49 c1 e0 03 e8
0x00007ffc1beaa829:   aa 4c 05 00 48 8d 4c 24 20 48 ff 15 af bf 16 00
0x00007ffc1beaa839:   0f 1f 44 00 00 48 8b 8c 24 c0 00 00 00 48 33 cc
0x00007ffc1beaa849:   e8 c2 ee 04 00 48 81 c4 d8 00 00 00 c3 83 64 24 


Register to memory mapping:

RAX=0x00007ffc1edfd4d3 is an unknown value
RBX=0x0000000000000000 is an unknown value
RCX=0x00000000009b0000 is an unknown value
RDX=0x0000000002c2e579 is pointing into the stack for thread: 0x0000000002dc2800
RSP=0x0000000002c2eaa0 is pointing into the stack for thread: 0x0000000002dc2800
RBP=0x0000000002c2ebf8 is pointing into the stack for thread: 0x0000000002dc2800
RSI=0x00007ffbdd00d8ac is an unknown value
RDI=0x0000000000000000 is an unknown value
R8 =0x0000000000000000 is an unknown value
R9 =0x0000000000001100 is an unknown value
R10=0x00000000009e4450 is an unknown value
R11=0x0000000000180001 is an unknown value
R12=0x0000000000000001 is an unknown value
R13=0x00007ffbdd015780 is an unknown value
R14=0x00007ffbdd015510 is an unknown value
R15=0x00007ffbdd00d938 is an unknown value


Stack: [0x0000000002b30000,0x0000000002c30000],  sp=0x0000000002c2eaa0,  free space=1018k
Native frames: (J=compiled Java code, j=interpreted, Vv=VM code, C=native code)
C  [KERNELBASE.dll+0x3a839]
C  [java.dll+0x187c7]
C  [java.dll+0x185f3]
C  [java.dll+0xcf3a]
C  [java.dll+0xd6bb]
C  [java.dll+0x60e4]
C  0x0000000002ee1df0

Java frames: (J=compiled Java code, j=interpreted, Vv=VM code)
j  java.lang.System.initProperties(Ljava/util/Properties;)Ljava/util/Properties;+0
j  java.lang.System.initializeSystemClass()V+13
v  ~StubRoutines::call_stub

---------------  P R O C E S S  ---------------

Java Threads: ( => current thread )
  0x000000001e8a6800 JavaThread "Finalizer" daemon [_thread_blocked, id=25556, stack(0x0000000020120000,0x0000000020220000)]
  0x000000001ce3c800 JavaThread "Reference Handler" daemon [_thread_blocked, id=25532, stack(0x0000000020020000,0x0000000020120000)]
=>0x0000000002dc2800 JavaThread "main" [_thread_in_native, id=22156, stack(0x0000000002b30000,0x0000000002c30000)]

Other Threads:
  0x000000001e883000 VMThread [stack: 0x000000001ff20000,0x0000000020020000] [id=25320]

VM state:not at safepoint (normal execution)

VM Mutex/Monitor currently owned by a thread: None

heap address: 0x00000006c1a00000, size: 4070 MB, Compressed Oops mode: Zero based, Oop shift amount: 3
Narrow klass base: 0x0000000000000000, Narrow klass shift: 3
Compressed class space size: 1073741824 Address: 0x00000007c0000000

Heap:
 PSYoungGen      total 76288K, used 1310K [0x000000076b380000, 0x0000000770880000, 0x00000007c0000000)
  eden space 65536K, 2% used [0x000000076b380000,0x000000076b4c7af0,0x000000076f380000)
  from space 10752K, 0% used [0x000000076fe00000,0x000000076fe00000,0x0000000770880000)
  to   space 10752K, 0% used [0x000000076f380000,0x000000076f380000,0x000000076fe00000)
 ParOldGen       total 175104K, used 0K [0x00000006c1a00000, 0x00000006cc500000, 0x000000076b380000)
  object space 175104K, 0% used [0x00000006c1a00000,0x00000006c1a00000,0x00000006cc500000)
 Metaspace       used 1092K, capacity 4480K, committed 4480K, reserved 1056768K
  class space    used 117K, capacity 384K, committed 384K, reserved 1048576K

Card table byte_map: [0x0000000012280000,0x0000000012a80000] byte_map_base: 0x000000000ec73000

Marking Bits: (ParMarkBitMap*) 0x000000007146be30
 Begin Bits: [0x0000000013cd0000, 0x0000000017c68000)
 End Bits:   [0x0000000017c68000, 0x000000001bc00000)

Polling page: 0x0000000000fd0000

CodeCache: size=245760Kb used=409Kb max_used=409Kb free=245350Kb
 bounds [0x0000000002ec0000, 0x0000000003130000, 0x0000000011ec0000]
 total_blobs=103 nmethods=0 adapters=77
 compilation: enabled

Compilation events (0 events):
No events

GC Heap History (0 events):
No events

Deoptimization events (0 events):
No events

Classes redefined (0 events):
No events

Internal exceptions (2 events):
Event: 1.906 Thread 0x0000000002dc2800 Exception <a 'java/lang/NoSuchMethodError': Method sun.misc.Unsafe.defineClass(Ljava/lang/String;[BII)Ljava/lang/Class; name or signature does not match> (0x000000076b387cc0) thrown at [C:\ade\jenkins\workspace\8-2-build-windows-amd64-cygwin\jdk8u241\331\
Event: 1.906 Thread 0x0000000002dc2800 Exception <a 'java/lang/NoSuchMethodError': Method sun.misc.Unsafe.prefetchRead(Ljava/lang/Object;J)V name or signature does not match> (0x000000076b387fa8) thrown at [C:\ade\jenkins\workspace\8-2-build-windows-amd64-cygwin\jdk8u241\331\hotspot\src\share\

Events (10 events):
Event: 1.907 loading class java/util/HashMap$Node done
Event: 1.907 loading class sun/misc/VM
Event: 1.907 loading class sun/misc/VM done
Event: 1.908 loading class java/util/Hashtable$Entry
Event: 1.908 loading class java/util/Hashtable$Entry done
Event: 1.908 loading class java/lang/Math
Event: 1.908 loading class java/lang/Math done
Event: 1.908 loading class java/lang/ref/Finalizer$FinalizerThread
Event: 1.909 loading class java/lang/ref/Finalizer$FinalizerThread done
Event: 1.909 Thread 0x000000001e8a6800 Thread added: 0x000000001e8a6800


Dynamic libraries:
0x00007ff65d760000 - 0x00007ff65d797000 	C:\Program Files\Java\jre1.8.0_241\bin\javaw.exe
0x00007ffc1edc0000 - 0x00007ffc1efb0000 	C:\Windows\SYSTEM32\ntdll.dll
0x00007ffc1ecc0000 - 0x00007ffc1ed72000 	C:\Windows\System32\KERNEL32.DLL
0x00007ffc1be70000 - 0x00007ffc1c113000 	C:\Windows\System32\KERNELBASE.dll
0x00007ffc1e5d0000 - 0x00007ffc1e673000 	C:\Windows\System32\ADVAPI32.dll
0x00007ffc1e410000 - 0x00007ffc1e4ae000 	C:\Windows\System32\msvcrt.dll
0x00007ffc1ead0000 - 0x00007ffc1eb67000 	C:\Windows\System32\sechost.dll
0x00007ffc1e4b0000 - 0x00007ffc1e5d0000 	C:\Windows\System32\RPCRT4.dll
0x00007ffc1d7b0000 - 0x00007ffc1d944000 	C:\Windows\System32\USER32.dll
0x00007ffc1cbe0000 - 0x00007ffc1cc01000 	C:\Windows\System32\win32u.dll
0x00007ffc1ced0000 - 0x00007ffc1cef6000 	C:\Windows\System32\GDI32.dll
0x00007ffc1c2c0000 - 0x00007ffc1c454000 	C:\Windows\System32\gdi32full.dll
0x00007ffc1bdd0000 - 0x00007ffc1be6e000 	C:\Windows\System32\msvcp_win.dll
0x00007ffc1ccc0000 - 0x00007ffc1cdba000 	C:\Windows\System32\ucrtbase.dll
0x00007ffc0bf60000 - 0x00007ffc0c1e5000 	C:\Windows\WinSxS\amd64_microsoft.windows.common-controls_6595b64144ccf1df_6.0.18362.592_none_e6c0b1911312be02\COMCTL32.dll
0x00007ffc1e790000 - 0x00007ffc1eac6000 	C:\Windows\System32\combase.dll
0x00007ffc1bd50000 - 0x00007ffc1bdd0000 	C:\Windows\System32\bcryptPrimitives.dll
0x00007ffc1da20000 - 0x00007ffc1da4e000 	C:\Windows\System32\IMM32.DLL
0x0000000070a80000 - 0x0000000070b52000 	C:\Program Files\Java\jre1.8.0_241\bin\msvcr100.dll
0x0000000070c40000 - 0x00000000714ec000 	C:\Program Files\Java\jre1.8.0_241\bin\server\jvm.dll
0x00007ffc1d040000 - 0x00007ffc1d048000 	C:\Windows\System32\PSAPI.DLL
0x00007ffbf4540000 - 0x00007ffbf4549000 	C:\Windows\SYSTEM32\WSOCK32.dll
0x00007ffc197b0000 - 0x00007ffc197d4000 	C:\Windows\SYSTEM32\WINMM.dll
0x00007ffc14fc0000 - 0x00007ffc14fca000 	C:\Windows\SYSTEM32\VERSION.dll
0x00007ffc1ec50000 - 0x00007ffc1ecbf000 	C:\Windows\System32\WS2_32.dll
0x00007ffc19780000 - 0x00007ffc197ad000 	C:\Windows\SYSTEM32\WINMMBASE.dll
0x00007ffc1c270000 - 0x00007ffc1c2ba000 	C:\Windows\System32\cfgmgr32.dll
0x00007ffbf4210000 - 0x00007ffbf421f000 	C:\Program Files\Java\jre1.8.0_241\bin\verify.dll
0x00007ffbdcff0000 - 0x00007ffbdd019000 	C:\Program Files\Java\jre1.8.0_241\bin\java.dll
0x00007ffc0b250000 - 0x00007ffc0b285000 	C:\Program Files\Java\jre1.8.0_241\bin\jdwp.dll
0x00007ffc0b730000 - 0x00007ffc0b738000 	C:\Program Files\Java\jre1.8.0_241\bin\npt.dll
0x00007ffc0b220000 - 0x00007ffc0b243000 	C:\Program Files\Java\jre1.8.0_241\bin\instrument.dll
0x00007ffbdcfd0000 - 0x00007ffbdcfe6000 	C:\Program Files\Java\jre1.8.0_241\bin\zip.dll
0x00007ffc080a0000 - 0x00007ffc08294000 	C:\Windows\SYSTEM32\dbghelp.dll

VM Arguments:
jvm_args: -agentlib:jdwp=transport=dt_socket,suspend=y,address=localhost:54700 -javaagent:C:\Users\com\Desktop\Dev\eclipse\configuration\org.eclipse.osgi\411\0\.cp\lib\javaagent-shaded.jar -Dfile.encoding=UTF-8 
java_command: ArrayExample
java_class_path (initial): C:\Users\com\git\yedam2020\yedam2020\HelloWorld\bin;C:\Users\com\Desktop\Dev\eclipse\configuration\org.eclipse.osgi\411\0\.cp\lib\javaagent-shaded.jar
Launcher Type: SUN_STANDARD

Environment Variables:
PATH=C:/Program Files/Java/jre1.8.0_241/bin/server;C:/Program Files/Java/jre1.8.0_241/bin;C:/Program Files/Java/jre1.8.0_241/lib/amd64;C:\Program Files (x86)\Common Files\Oracle\Java\javapath;C:\Program Files (x86)\NAT Service;C:\Windows\system32;C:\Windows;C:\Windows\System32\Wbem;C:\Windows\System32\WindowsPowerShell\v1.0\;C:\Windows\System32\OpenSSH\;C:\Users\com\AppData\Local\Microsoft\WindowsApps;C:\Program Files\Bandizip\;C:\Program Files\Java\jdk1.8.0_241\bin\;C:\Users\com\Desktop;
USERNAME=com
OS=Windows_NT
PROCESSOR_IDENTIFIER=Intel64 Family 6 Model 158 Stepping 13, GenuineIntel



---------------  S Y S T E M  ---------------

OS: Windows 10.0 , 64 bit Build 18362 (10.0.18362.329)

CPU:total 16 (initial active 16) (8 cores per cpu, 2 threads per core) family 6 model 158 stepping 13, cmov, cx8, fxsr, mmx, sse, sse2, sse3, ssse3, sse4.1, sse4.2, popcnt, avx, avx2, aes, clmul, erms, rtm, 3dnowpref, lzcnt, ht, tsc, tscinvbit, bmi1, bmi2, adx

Memory: 4k page, physical 16666724k(9651352k free), swap 47301856k(2492548k free)

vm_info: Java HotSpot(TM) 64-Bit Server VM (25.241-b07) for windows-amd64 JRE (1.8.0_241-b07), built on Dec 11 2019 10:21:40 by "rejava" with MS VC++ 10.0 (VS2010)

time: Tue Jan 28 16:48:54 2020
timezone: 대한민국 표준시
elapsed time: 2 seconds (0d 0h 0m 2s)

